<?xml version="1.0" encoding="UTF-8"?>
<!-- Generated by org.testng.reporters.JUnitReportReporter -->
<testsuite hostname="EPINHYDW06DC" failures="0" tests="1" name="test.TestOne" time="1.506" errors="0" timestamp="2023-09-24T23:09:00 IST" skipped="0">
  <testcase classname="test.TestOne" name="test_1" time="1.506"/>
</testsuite> <!-- test.TestOne -->
